[INFO] Scanning for projects...
[WARNING] 
[WARNING] Some problems were encountered while building the effective model for org.apache.kyuubi:kyuubi-main:jar:1.1.0-SNAPSHOT
[WARNING] 'build.plugins.plugin.version' for org.scalastyle:scalastyle-maven-plugin is missing. @ org.apache.kyuubi:kyuubi:1.1.0-SNAPSHOT, F:\work\bigdata\code\mygithub\kyuubi\pom.xml, line 781, column 21
[WARNING] 
[WARNING] It is highly recommended to fix these problems because they threaten the stability of your build.
[WARNING] 
[WARNING] For this reason, future Maven versions might no longer support building such malformed projects.
[WARNING] 
[INFO] 
[INFO] -------------------< org.apache.kyuubi:kyuubi-main >--------------------
[INFO] Building Kyuubi Project Server Main 1.1.0-SNAPSHOT
[INFO] --------------------------------[ jar ]---------------------------------
[INFO] 
[INFO] --- maven-dependency-plugin:3.1.1:tree (default-cli) @ kyuubi-main ---
[INFO] org.apache.kyuubi:kyuubi-main:jar:1.1.0-SNAPSHOT
[INFO] +- org.apache.kyuubi:kyuubi-common:jar:1.1.0-SNAPSHOT:compile
[INFO] |  +- org.slf4j:slf4j-api:jar:1.7.30:compile
[INFO] |  \- org.slf4j:slf4j-log4j12:jar:1.7.30:compile
[INFO] |     \- log4j:log4j:jar:1.2.17:compile
[INFO] +- org.apache.hadoop:hadoop-common:jar:3.3.0:provided
[INFO] |  +- org.apache.hadoop.thirdparty:hadoop-shaded-protobuf_3_7:jar:1.0.0:provided
[INFO] |  +- org.apache.hadoop:hadoop-annotations:jar:3.3.0:provided
[INFO] |  |  \- jdk.tools:jdk.tools:jar:1.8:system
[INFO] |  +- org.apache.httpcomponents:httpclient:jar:4.5.6:provided
[INFO] |  +- commons-codec:commons-codec:jar:1.11:provided
[INFO] |  +- commons-io:commons-io:jar:2.5:provided
[INFO] |  +- commons-collections:commons-collections:jar:3.2.2:provided
[INFO] |  +- javax.servlet:javax.servlet-api:jar:3.1.0:provided
[INFO] |  +- javax.activation:javax.activation-api:jar:1.2.0:provided
[INFO] |  +- org.eclipse.jetty:jetty-server:jar:9.4.20.v20190813:provided
[INFO] |  |  +- org.eclipse.jetty:jetty-http:jar:9.4.20.v20190813:provided
[INFO] |  |  \- org.eclipse.jetty:jetty-io:jar:9.4.20.v20190813:provided
[INFO] |  +- org.eclipse.jetty:jetty-util:jar:9.4.20.v20190813:provided
[INFO] |  +- org.eclipse.jetty:jetty-servlet:jar:9.4.20.v20190813:provided
[INFO] |  |  \- org.eclipse.jetty:jetty-security:jar:9.4.20.v20190813:provided
[INFO] |  +- org.eclipse.jetty:jetty-webapp:jar:9.4.20.v20190813:provided
[INFO] |  |  \- org.eclipse.jetty:jetty-xml:jar:9.4.20.v20190813:provided
[INFO] |  +- commons-beanutils:commons-beanutils:jar:1.9.4:provided
[INFO] |  +- org.apache.commons:commons-configuration2:jar:2.1.1:provided
[INFO] |  +- org.apache.commons:commons-lang3:jar:3.7:provided
[INFO] |  +- org.apache.commons:commons-text:jar:1.4:provided
[INFO] |  +- com.google.re2j:re2j:jar:1.1:provided
[INFO] |  +- org.apache.hadoop:hadoop-auth:jar:3.3.0:provided
[INFO] |  |  +- com.nimbusds:nimbus-jose-jwt:jar:7.9:provided
[INFO] |  |  |  \- com.github.stephenc.jcip:jcip-annotations:jar:1.0-1:provided
[INFO] |  |  \- net.minidev:json-smart:jar:2.3:provided
[INFO] |  |     \- net.minidev:accessors-smart:jar:1.2:provided
[INFO] |  |        \- org.ow2.asm:asm:jar:5.0.4:provided
[INFO] |  +- org.apache.htrace:htrace-core4:jar:4.1.0-incubating:provided
[INFO] |  +- org.apache.kerby:kerb-core:jar:1.0.1:provided
[INFO] |  |  \- org.apache.kerby:kerby-pkix:jar:1.0.1:provided
[INFO] |  |     +- org.apache.kerby:kerby-asn1:jar:1.0.1:provided
[INFO] |  |     \- org.apache.kerby:kerby-util:jar:1.0.1:provided
[INFO] |  +- com.fasterxml.jackson.core:jackson-databind:jar:2.10.3:provided
[INFO] |  |  +- com.fasterxml.jackson.core:jackson-annotations:jar:2.10.3:provided
[INFO] |  |  \- com.fasterxml.jackson.core:jackson-core:jar:2.10.3:provided
[INFO] |  +- org.codehaus.woodstox:stax2-api:jar:3.1.4:provided
[INFO] |  +- com.fasterxml.woodstox:woodstox-core:jar:5.0.3:provided
[INFO] |  \- dnsjava:dnsjava:jar:2.1.7:provided
[INFO] +- org.apache.kyuubi:kyuubi-common:test-jar:tests:1.1.0-SNAPSHOT:test
[INFO] +- org.apache.kyuubi:kyuubi-spark-sql-engine:jar:1.1.0-SNAPSHOT:test
[INFO] +- org.apache.hive:hive-jdbc:jar:3.0.0:test
[INFO] |  +- org.apache.hive:hive-common:jar:3.0.0:test
[INFO] |  |  +- commons-cli:commons-cli:jar:1.2:provided
[INFO] |  |  +- commons-lang:commons-lang:jar:2.6:provided
[INFO] |  |  +- jline:jline:jar:2.12:test
[INFO] |  |  +- org.eclipse.jetty:jetty-rewrite:jar:9.3.8.v20160314:test
[INFO] |  |  |  \- org.eclipse.jetty:jetty-client:jar:9.3.8.v20160314:test
[INFO] |  |  +- joda-time:joda-time:jar:2.9.9:test
[INFO] |  |  +- org.apache.logging.log4j:log4j-1.2-api:jar:2.10.0:test
[INFO] |  |  |  +- org.apache.logging.log4j:log4j-api:jar:2.10.0:test
[INFO] |  |  |  \- org.apache.logging.log4j:log4j-core:jar:2.10.0:test
[INFO] |  |  +- org.apache.logging.log4j:log4j-web:jar:2.10.0:test
[INFO] |  |  +- org.apache.logging.log4j:log4j-slf4j-impl:jar:2.10.0:test
[INFO] |  |  +- org.apache.commons:commons-compress:jar:1.9:provided
[INFO] |  |  +- org.apache.ant:ant:jar:1.9.1:test
[INFO] |  |  |  \- org.apache.ant:ant-launcher:jar:1.9.1:test
[INFO] |  |  +- net.sf.jpam:jpam:jar:1.1:test
[INFO] |  |  |  \- commons-logging:commons-logging:jar:1.0.4:provided
[INFO] |  |  +- com.tdunning:json:jar:1.8:test
[INFO] |  |  +- io.dropwizard.metrics:metrics-core:jar:3.1.0:provided
[INFO] |  |  +- io.dropwizard.metrics:metrics-jvm:jar:3.1.0:provided
[INFO] |  |  +- io.dropwizard.metrics:metrics-json:jar:3.1.0:provided
[INFO] |  |  +- com.github.joshelser:dropwizard-metrics-hadoop-metrics2-reporter:jar:0.1.2:test
[INFO] |  |  \- javolution:javolution:jar:5.5.1:test
[INFO] |  +- org.apache.hive:hive-service:jar:3.0.0:test
[INFO] |  |  +- org.apache.hive:hive-llap-server:jar:3.0.0:test
[INFO] |  |  |  +- org.apache.hive:hive-llap-common:jar:3.0.0:test
[INFO] |  |  |  +- org.apache.hive:hive-llap-client:jar:3.0.0:test
[INFO] |  |  |  |  \- org.apache.curator:apache-curator:pom:2.12.0:test
[INFO] |  |  |  +- org.apache.hive:hive-llap-tez:jar:3.0.0:test
[INFO] |  |  |  +- org.apache.slider:slider-core:jar:0.92.0-incubating:test
[INFO] |  |  |  |  +- com.beust:jcommander:jar:1.30:test
[INFO] |  |  |  |  +- org.codehaus.jackson:jackson-jaxrs:jar:1.9.13:provided
[INFO] |  |  |  |  +- org.codehaus.jackson:jackson-xc:jar:1.9.13:provided
[INFO] |  |  |  |  +- org.yaml:snakeyaml:jar:1.16:test
[INFO] |  |  |  |  +- org.apache.hadoop:hadoop-yarn-registry:jar:2.7.1:provided
[INFO] |  |  |  |  +- com.sun.jersey:jersey-client:jar:1.9:provided
[INFO] |  |  |  |  +- com.sun.jersey:jersey-json:jar:1.9:provided
[INFO] |  |  |  |  |  \- com.sun.xml.bind:jaxb-impl:jar:2.2.3-1:provided
[INFO] |  |  |  |  +- com.sun.jersey:jersey-server:jar:1.9:provided
[INFO] |  |  |  |  +- com.google.inject.extensions:guice-servlet:jar:3.0:provided
[INFO] |  |  |  |  \- javax.servlet.jsp:jsp-api:jar:2.1:test
[INFO] |  |  |  +- org.codehaus.jettison:jettison:jar:1.1:test
[INFO] |  |  |  \- org.apache.hive:hive-llap-common:test-jar:tests:3.0.0:test
[INFO] |  |  +- javax.servlet.jsp:javax.servlet.jsp-api:jar:2.3.1:test
[INFO] |  |  +- org.eclipse.jetty:jetty-runner:jar:9.3.8.v20160314:test
[INFO] |  |  |  +- org.eclipse.jetty:jetty-plus:jar:9.3.8.v20160314:test
[INFO] |  |  |  +- org.eclipse.jetty:jetty-annotations:jar:9.3.8.v20160314:test
[INFO] |  |  |  |  +- javax.annotation:javax.annotation-api:jar:1.2:test
[INFO] |  |  |  |  \- org.ow2.asm:asm-commons:jar:5.0.1:test
[INFO] |  |  |  |     \- org.ow2.asm:asm-tree:jar:5.0.1:test
[INFO] |  |  |  +- org.eclipse.jetty:jetty-jaas:jar:9.3.8.v20160314:test
[INFO] |  |  |  +- org.eclipse.jetty.websocket:websocket-server:jar:9.3.8.v20160314:test
[INFO] |  |  |  |  +- org.eclipse.jetty.websocket:websocket-common:jar:9.3.8.v20160314:test
[INFO] |  |  |  |  |  \- org.eclipse.jetty.websocket:websocket-api:jar:9.3.8.v20160314:test
[INFO] |  |  |  |  +- org.eclipse.jetty.websocket:websocket-client:jar:9.3.8.v20160314:test
[INFO] |  |  |  |  \- org.eclipse.jetty.websocket:websocket-servlet:jar:9.3.8.v20160314:test
[INFO] |  |  |  +- org.eclipse.jetty:jetty-jndi:jar:9.3.8.v20160314:test
[INFO] |  |  |  +- org.eclipse.jetty:apache-jsp:jar:9.3.8.v20160314:test
[INFO] |  |  |  |  +- org.eclipse.jetty.toolchain:jetty-schemas:jar:3.1:test
[INFO] |  |  |  |  \- org.eclipse.jdt.core.compiler:ecj:jar:4.4.2:test
[INFO] |  |  |  \- org.eclipse.jetty:apache-jstl:jar:9.3.8.v20160314:test
[INFO] |  |  |     +- org.apache.taglibs:taglibs-standard-spec:jar:1.2.5:test
[INFO] |  |  |     \- org.apache.taglibs:taglibs-standard-impl:jar:1.2.5:test
[INFO] |  |  +- tomcat:jasper-compiler:jar:5.5.23:test
[INFO] |  |  |  +- javax.servlet:jsp-api:jar:2.0:test
[INFO] |  |  |  \- ant:ant:jar:1.6.5:test
[INFO] |  |  +- tomcat:jasper-runtime:jar:5.5.23:test
[INFO] |  |  |  \- commons-el:commons-el:jar:1.0:test
[INFO] |  |  +- org.apache.curator:curator-recipes:jar:4.0.0:provided
[INFO] |  |  \- org.jamon:jamon-runtime:jar:2.3.1:test
[INFO] |  +- org.apache.hive:hive-serde:jar:3.0.0:test
[INFO] |  |  +- com.google.code.findbugs:jsr305:jar:3.0.0:provided
[INFO] |  |  +- com.carrotsearch:hppc:jar:0.7.2:test
[INFO] |  |  +- com.vlkan:flatbuffers:jar:1.2.0-3f79e055:test
[INFO] |  |  +- org.apache.avro:avro:jar:1.7.7:provided
[INFO] |  |  +- net.sf.opencsv:opencsv:jar:2.3:test
[INFO] |  |  \- org.apache.parquet:parquet-hadoop-bundle:jar:1.9.0:test
[INFO] |  +- org.apache.hive:hive-metastore:jar:3.0.0:test
[INFO] |  |  +- org.apache.hive:hive-standalone-metastore:jar:3.0.0:test
[INFO] |  |  |  +- org.datanucleus:datanucleus-api-jdo:jar:4.2.4:test
[INFO] |  |  |  +- org.datanucleus:datanucleus-core:jar:4.1.17:test
[INFO] |  |  |  +- org.datanucleus:datanucleus-rdbms:jar:4.1.19:test
[INFO] |  |  |  +- org.datanucleus:javax.jdo:jar:3.2.0-m3:test
[INFO] |  |  |  |  \- javax.transaction:transaction-api:jar:1.1:test
[INFO] |  |  |  \- sqlline:sqlline:jar:1.3.0:test
[INFO] |  |  +- com.jolbox:bonecp:jar:0.8.0.RELEASE:test
[INFO] |  |  +- com.zaxxer:HikariCP:jar:2.6.1:test
[INFO] |  |  +- org.apache.derby:derby:jar:10.14.1.0:test
[INFO] |  |  +- commons-pool:commons-pool:jar:1.5.4:test
[INFO] |  |  +- commons-dbcp:commons-dbcp:jar:1.4:test
[INFO] |  |  +- javax.jdo:jdo-api:jar:3.0.1:test
[INFO] |  |  |  \- javax.transaction:jta:jar:1.1:test
[INFO] |  |  +- co.cask.tephra:tephra-api:jar:0.6.0:test
[INFO] |  |  +- co.cask.tephra:tephra-core:jar:0.6.0:test
[INFO] |  |  |  +- com.google.inject:guice:jar:3.0:provided
[INFO] |  |  |  |  +- javax.inject:javax.inject:jar:1:provided
[INFO] |  |  |  |  \- aopalliance:aopalliance:jar:1.0:provided
[INFO] |  |  |  +- com.google.inject.extensions:guice-assistedinject:jar:3.0:test
[INFO] |  |  |  +- it.unimi.dsi:fastutil:jar:6.5.6:test
[INFO] |  |  |  +- org.apache.twill:twill-common:jar:0.6.0-incubating:test
[INFO] |  |  |  +- org.apache.twill:twill-core:jar:0.6.0-incubating:test
[INFO] |  |  |  |  \- org.apache.twill:twill-api:jar:0.6.0-incubating:test
[INFO] |  |  |  +- org.apache.twill:twill-discovery-api:jar:0.6.0-incubating:test
[INFO] |  |  |  +- org.apache.twill:twill-discovery-core:jar:0.6.0-incubating:test
[INFO] |  |  |  \- org.apache.twill:twill-zookeeper:jar:0.6.0-incubating:test
[INFO] |  |  \- co.cask.tephra:tephra-hbase-compat-1.0:jar:0.6.0:test
[INFO] |  +- org.apache.hive:hive-shims:jar:3.0.0:test
[INFO] |  |  +- org.apache.hive.shims:hive-shims-common:jar:3.0.0:test
[INFO] |  |  +- org.apache.hive.shims:hive-shims-0.23:jar:3.0.0:test
[INFO] |  |  |  \- org.apache.hadoop:hadoop-yarn-server-resourcemanager:jar:3.1.0:test
[INFO] |  |  |     +- com.sun.jersey.contribs:jersey-guice:jar:1.19:provided
[INFO] |  |  |     |  \- com.sun.jersey:jersey-servlet:jar:1.19:provided
[INFO] |  |  |     +- org.apache.hadoop:hadoop-yarn-common:jar:3.1.0:provided
[INFO] |  |  |     |  +- com.fasterxml.jackson.module:jackson-module-jaxb-annotations:jar:2.7.8:provided
[INFO] |  |  |     |  \- com.fasterxml.jackson.jaxrs:jackson-jaxrs-json-provider:jar:2.7.8:provided
[INFO] |  |  |     |     \- com.fasterxml.jackson.jaxrs:jackson-jaxrs-base:jar:2.7.8:provided
[INFO] |  |  |     +- javax.xml.bind:jaxb-api:jar:2.2.11:provided
[INFO] |  |  |     +- com.sun.jersey:jersey-core:jar:1.19:provided
[INFO] |  |  |     |  \- javax.ws.rs:jsr311-api:jar:1.1.1:provided
[INFO] |  |  |     +- org.eclipse.jetty:jetty-util-ajax:jar:9.3.19.v20170502:test
[INFO] |  |  |     +- org.apache.hadoop:hadoop-yarn-server-common:jar:3.1.0:provided
[INFO] |  |  |     |  +- org.apache.geronimo.specs:geronimo-jcache_1.0_spec:jar:1.0-alpha-1:provided
[INFO] |  |  |     |  +- org.ehcache:ehcache:jar:3.3.1:provided
[INFO] |  |  |     |  +- com.zaxxer:HikariCP-java7:jar:2.4.12:provided
[INFO] |  |  |     |  \- com.microsoft.sqlserver:mssql-jdbc:jar:6.2.1.jre7:provided
[INFO] |  |  |     +- org.apache.hadoop:hadoop-yarn-server-applicationhistoryservice:jar:3.1.0:test
[INFO] |  |  |     |  \- de.ruedigermoeller:fst:jar:2.50:test
[INFO] |  |  |     |     \- com.cedarsoftware:java-util:jar:1.9.0:test
[INFO] |  |  |     |        \- com.cedarsoftware:json-io:jar:2.5.1:test
[INFO] |  |  |     \- org.apache.hadoop:hadoop-yarn-server-web-proxy:jar:3.1.0:test
[INFO] |  |  \- org.apache.hive.shims:hive-shims-scheduler:jar:3.0.0:test
[INFO] |  +- org.apache.httpcomponents:httpcore:jar:4.4.4:provided
[INFO] |  +- org.apache.thrift:libthrift:jar:0.9.3:provided
[INFO] |  +- org.apache.zookeeper:zookeeper:jar:3.4.14:test
[INFO] |  |  +- com.github.spotbugs:spotbugs-annotations:jar:3.1.9:test
[INFO] |  |  \- org.apache.yetus:audience-annotations:jar:0.5.0:test
[INFO] |  \- org.apache.curator:curator-framework:jar:4.0.0:provided
[INFO] |     \- org.apache.curator:curator-client:jar:4.0.0:provided
[INFO] +- org.apache.hadoop:hadoop-minikdc:jar:3.3.0:test
[INFO] |  \- org.apache.kerby:kerb-simplekdc:jar:1.0.1:provided
[INFO] |     +- org.apache.kerby:kerb-client:jar:1.0.1:provided
[INFO] |     |  +- org.apache.kerby:kerby-config:jar:1.0.1:provided
[INFO] |     |  +- org.apache.kerby:kerb-common:jar:1.0.1:provided
[INFO] |     |  |  \- org.apache.kerby:kerb-crypto:jar:1.0.1:provided
[INFO] |     |  +- org.apache.kerby:kerb-util:jar:1.0.1:provided
[INFO] |     |  \- org.apache.kerby:token-provider:jar:1.0.1:provided
[INFO] |     \- org.apache.kerby:kerb-admin:jar:1.0.1:provided
[INFO] |        +- org.apache.kerby:kerb-server:jar:1.0.1:provided
[INFO] |        |  \- org.apache.kerby:kerb-identity:jar:1.0.1:provided
[INFO] |        \- org.apache.kerby:kerby-xdr:jar:1.0.1:provided
[INFO] +- org.apache.directory.server:apacheds-service:jar:2.0.0-M15:test
[INFO] +- org.apache.curator:curator-test:jar:4.0.0:test
[INFO] |  \- com.google.guava:guava:jar:11.0.2:provided
[INFO] +- io.netty:netty:jar:3.7.0.Final:test
[INFO] +- org.apache.hive:hive-service-rpc:jar:3.0.0:provided
[INFO] |  +- org.apache.thrift:libfb303:jar:0.9.3:provided
[INFO] |  \- org.apache.hive:hive-classification:jar:3.0.0:provided
[INFO] +- com.google.code.gson:gson:jar:2.2.4:compile
[INFO] +- org.antlr:antlr4:jar:4.9.1:compile
[INFO] |  +- org.antlr:antlr4-runtime:jar:4.9.1:compile
[INFO] |  +- org.antlr:antlr-runtime:jar:3.5.2:compile
[INFO] |  +- org.antlr:ST4:jar:4.3:compile
[INFO] |  +- org.abego.treelayout:org.abego.treelayout.core:jar:1.0.3:compile
[INFO] |  +- org.glassfish:javax.json:jar:1.0.4:compile
[INFO] |  \- com.ibm.icu:icu4j:jar:61.1:compile
[INFO] +- org.apache.spark:spark-sql_2.12:jar:3.0.1:provided
[INFO] |  +- com.univocity:univocity-parsers:jar:2.9.0:provided
[INFO] |  +- org.apache.spark:spark-sketch_2.12:jar:3.0.1:provided
[INFO] |  +- org.apache.spark:spark-core_2.12:jar:3.0.1:provided
[INFO] |  |  +- com.thoughtworks.paranamer:paranamer:jar:2.8:provided
[INFO] |  |  +- org.apache.avro:avro-mapred:jar:hadoop2:1.8.2:provided
[INFO] |  |  |  \- org.apache.avro:avro-ipc:jar:1.8.2:provided
[INFO] |  |  +- com.twitter:chill_2.12:jar:0.9.5:provided
[INFO] |  |  |  \- com.esotericsoftware:kryo-shaded:jar:4.0.2:provided
[INFO] |  |  |     +- com.esotericsoftware:minlog:jar:1.3.0:provided
[INFO] |  |  |     \- org.objenesis:objenesis:jar:2.5.1:provided
[INFO] |  |  +- com.twitter:chill-java:jar:0.9.5:provided
[INFO] |  |  +- org.apache.hadoop:hadoop-client:jar:2.7.4:provided
[INFO] |  |  |  +- org.apache.hadoop:hadoop-hdfs:jar:2.7.4:provided
[INFO] |  |  |  |  +- org.mortbay.jetty:jetty-util:jar:6.1.26:provided
[INFO] |  |  |  |  +- xmlenc:xmlenc:jar:0.52:provided
[INFO] |  |  |  |  +- xerces:xercesImpl:jar:2.9.1:provided
[INFO] |  |  |  |  |  \- xml-apis:xml-apis:jar:1.3.04:provided
[INFO] |  |  |  |  \- org.apache.htrace:htrace-core:jar:3.1.0-incubating:provided
[INFO] |  |  |  +- org.apache.hadoop:hadoop-mapreduce-client-app:jar:2.7.4:provided
[INFO] |  |  |  |  +- org.apache.hadoop:hadoop-mapreduce-client-common:jar:2.7.4:provided
[INFO] |  |  |  |  |  \- org.apache.hadoop:hadoop-yarn-client:jar:2.7.4:provided
[INFO] |  |  |  |  \- org.apache.hadoop:hadoop-mapreduce-client-shuffle:jar:2.7.4:provided
[INFO] |  |  |  +- org.apache.hadoop:hadoop-yarn-api:jar:2.7.4:provided
[INFO] |  |  |  +- org.apache.hadoop:hadoop-mapreduce-client-core:jar:2.7.4:provided
[INFO] |  |  |  \- org.apache.hadoop:hadoop-mapreduce-client-jobclient:jar:2.7.4:provided
[INFO] |  |  +- org.apache.spark:spark-launcher_2.12:jar:3.0.1:provided
[INFO] |  |  +- org.apache.spark:spark-kvstore_2.12:jar:3.0.1:provided
[INFO] |  |  |  \- org.fusesource.leveldbjni:leveldbjni-all:jar:1.8:provided
[INFO] |  |  +- org.apache.spark:spark-network-common_2.12:jar:3.0.1:provided
[INFO] |  |  +- org.apache.spark:spark-network-shuffle_2.12:jar:3.0.1:provided
[INFO] |  |  +- javax.activation:activation:jar:1.1.1:provided
[INFO] |  |  +- org.apache.commons:commons-math3:jar:3.4.1:provided
[INFO] |  |  +- org.slf4j:jul-to-slf4j:jar:1.7.30:provided
[INFO] |  |  +- org.slf4j:jcl-over-slf4j:jar:1.7.30:provided
[INFO] |  |  +- com.ning:compress-lzf:jar:1.0.3:provided
[INFO] |  |  +- org.xerial.snappy:snappy-java:jar:1.1.7.5:provided
[INFO] |  |  +- org.lz4:lz4-java:jar:1.7.1:provided
[INFO] |  |  +- com.github.luben:zstd-jni:jar:1.4.4-3:provided
[INFO] |  |  +- org.roaringbitmap:RoaringBitmap:jar:0.7.45:provided
[INFO] |  |  |  \- org.roaringbitmap:shims:jar:0.7.45:provided
[INFO] |  |  +- commons-net:commons-net:jar:3.1:provided
[INFO] |  |  +- org.json4s:json4s-jackson_2.12:jar:3.6.6:provided
[INFO] |  |  |  \- org.json4s:json4s-core_2.12:jar:3.6.6:provided
[INFO] |  |  |     +- org.json4s:json4s-ast_2.12:jar:3.6.6:provided
[INFO] |  |  |     \- org.json4s:json4s-scalap_2.12:jar:3.6.6:provided
[INFO] |  |  +- org.glassfish.jersey.core:jersey-client:jar:2.30:provided
[INFO] |  |  |  +- jakarta.ws.rs:jakarta.ws.rs-api:jar:2.1.6:provided
[INFO] |  |  |  \- org.glassfish.hk2.external:jakarta.inject:jar:2.6.1:provided
[INFO] |  |  +- org.glassfish.jersey.core:jersey-common:jar:2.30:provided
[INFO] |  |  |  +- jakarta.annotation:jakarta.annotation-api:jar:1.3.5:provided
[INFO] |  |  |  \- org.glassfish.hk2:osgi-resource-locator:jar:1.0.3:provided
[INFO] |  |  +- org.glassfish.jersey.core:jersey-server:jar:2.30:provided
[INFO] |  |  |  +- org.glassfish.jersey.media:jersey-media-jaxb:jar:2.30:provided
[INFO] |  |  |  \- jakarta.validation:jakarta.validation-api:jar:2.0.2:provided
[INFO] |  |  +- org.glassfish.jersey.containers:jersey-container-servlet:jar:2.30:provided
[INFO] |  |  +- org.glassfish.jersey.containers:jersey-container-servlet-core:jar:2.30:provided
[INFO] |  |  +- org.glassfish.jersey.inject:jersey-hk2:jar:2.30:provided
[INFO] |  |  |  +- org.glassfish.hk2:hk2-locator:jar:2.6.1:provided
[INFO] |  |  |  |  +- org.glassfish.hk2.external:aopalliance-repackaged:jar:2.6.1:provided
[INFO] |  |  |  |  +- org.glassfish.hk2:hk2-api:jar:2.6.1:provided
[INFO] |  |  |  |  \- org.glassfish.hk2:hk2-utils:jar:2.6.1:provided
[INFO] |  |  |  \- org.javassist:javassist:jar:3.25.0-GA:provided
[INFO] |  |  +- io.netty:netty-all:jar:4.1.47.Final:provided
[INFO] |  |  +- com.clearspring.analytics:stream:jar:2.9.6:provided
[INFO] |  |  +- io.dropwizard.metrics:metrics-graphite:jar:4.1.1:provided
[INFO] |  |  +- io.dropwizard.metrics:metrics-jmx:jar:4.1.1:provided
[INFO] |  |  +- com.fasterxml.jackson.module:jackson-module-scala_2.12:jar:2.10.0:provided
[INFO] |  |  |  \- com.fasterxml.jackson.module:jackson-module-paranamer:jar:2.10.0:provided
[INFO] |  |  +- org.apache.ivy:ivy:jar:2.4.0:provided
[INFO] |  |  +- oro:oro:jar:2.0.8:provided
[INFO] |  |  +- net.razorvine:pyrolite:jar:4.30:provided
[INFO] |  |  +- net.sf.py4j:py4j:jar:0.10.9:provided
[INFO] |  |  \- org.apache.commons:commons-crypto:jar:1.0.0:provided
[INFO] |  +- org.apache.spark:spark-tags_2.12:jar:3.0.1:provided
[INFO] |  +- org.apache.orc:orc-core:jar:1.5.10:provided
[INFO] |  |  +- org.apache.orc:orc-shims:jar:1.5.10:provided
[INFO] |  |  +- com.google.protobuf:protobuf-java:jar:2.5.0:provided
[INFO] |  |  +- io.airlift:aircompressor:jar:0.10:provided
[INFO] |  |  \- org.threeten:threeten-extra:jar:1.5.0:provided
[INFO] |  +- org.apache.orc:orc-mapreduce:jar:1.5.10:provided
[INFO] |  +- org.apache.hive:hive-storage-api:jar:2.7.1:provided
[INFO] |  +- org.apache.parquet:parquet-column:jar:1.10.1:provided
[INFO] |  |  +- org.apache.parquet:parquet-common:jar:1.10.1:provided
[INFO] |  |  \- org.apache.parquet:parquet-encoding:jar:1.10.1:provided
[INFO] |  +- org.apache.parquet:parquet-hadoop:jar:1.10.1:provided
[INFO] |  |  +- org.apache.parquet:parquet-format:jar:2.4.0:provided
[INFO] |  |  +- org.apache.parquet:parquet-jackson:jar:1.10.1:provided
[INFO] |  |  +- org.codehaus.jackson:jackson-mapper-asl:jar:1.9.13:provided
[INFO] |  |  \- org.codehaus.jackson:jackson-core-asl:jar:1.9.13:provided
[INFO] |  +- org.apache.xbean:xbean-asm7-shaded:jar:4.15:provided
[INFO] |  \- org.spark-project.spark:unused:jar:1.0.0:provided
[INFO] +- org.apache.spark:spark-catalyst_2.12:jar:3.0.1:provided
[INFO] |  +- org.scala-lang:scala-reflect:jar:2.12.10:provided
[INFO] |  +- org.scala-lang.modules:scala-parser-combinators_2.12:jar:1.1.2:provided
[INFO] |  +- org.apache.spark:spark-unsafe_2.12:jar:3.0.1:provided
[INFO] |  +- org.codehaus.janino:janino:jar:3.0.16:provided
[INFO] |  +- org.codehaus.janino:commons-compiler:jar:3.0.16:provided
[INFO] |  \- org.apache.arrow:arrow-vector:jar:0.15.1:provided
[INFO] |     +- org.apache.arrow:arrow-format:jar:0.15.1:provided
[INFO] |     +- org.apache.arrow:arrow-memory:jar:0.15.1:provided
[INFO] |     \- com.google.flatbuffers:flatbuffers-java:jar:1.9.0:provided
[INFO] +- org.scala-lang:scala-library:jar:2.12.10:compile
[INFO] \- org.scalatest:scalatest_2.12:jar:3.0.3:test
[INFO]    +- org.scalactic:scalactic_2.12:jar:3.0.3:test
[INFO]    \- org.scala-lang.modules:scala-xml_2.12:jar:1.0.5:provided
[INFO] ------------------------------------------------------------------------
[INFO] BUILD SUCCESS
[INFO] ------------------------------------------------------------------------
[INFO] Total time:  3.671 s
[INFO] Finished at: 2021-01-28T17:15:15+08:00
[INFO] ------------------------------------------------------------------------
